"../../../../../My Project Latihan/UE4/UNIDAAR1/Content/Assets/Textures/Andy_DiffuseLitBlue.uasset" 0
"../../../../../My Project Latihan/UE4/UNIDAAR1/Content/Assets/Textures/Andy_DiffuseLitGreen.uasset" 1
"../../../../../My Project Latihan/UE4/UNIDAAR1/Content/Assets/Textures/Touch_Effect_xxxhdpi.uasset" 2
"../../../../../My Project Latihan/UE4/UNIDAAR1/Content/Assets/Textures/AndyBlobShadow.uasset" 3
"../../../../../My Project Latihan/UE4/UNIDAAR1/Content/Assets/Materials/AndyBlobShadow_Mat.uasset" 4
"../../../../../My Project Latihan/UE4/UNIDAAR1/Content/Assets/Meshes/AndyBlobShadow.uasset" 5
"../../../../../My Project Latihan/UE4/UNIDAAR1/Content/Assets/Textures/Andy_AO.uasset" 6
"../../../../../My Project Latihan/UE4/UNIDAAR1/Content/Assets/Textures/Andy_DiffuseGreen.uasset" 7
"../../../../../My Project Latihan/UE4/UNIDAAR1/Content/Assets/Materials/Andy_Mat_Default.uasset" 8
"../../../../../My Project Latihan/UE4/UNIDAAR1/Content/Assets/Meshes/Andy_Mesh.uasset" 9
"../../../../../My Project Latihan/UE4/UNIDAAR1/Content/Blueprints/AndyActor.uasset" 10
"../../../../../My Project Latihan/UE4/UNIDAAR1/Content/Blueprints/AndyActor_Child.uasset" 11
"../../../../../My Project Latihan/UE4/UNIDAAR1/Content/RTS_Tutorial/Assets/Meshes/Buildings/TUmarWhite1_ncl1_1.uasset" 12
"../../../../../My Project Latihan/UE4/UNIDAAR1/Content/RTS_Tutorial/Assets/Meshes/Buildings/TUmarWhite1.uasset" 13
"../../../../../My Project Latihan/UE4/UNIDAAR1/Content/RTS_Tutorial/Assets/Meshes/Buildings/TUmarRoof1_ncl1_1.uasset" 14
"../../../../../My Project Latihan/UE4/UNIDAAR1/Content/RTS_Tutorial/Assets/Meshes/Buildings/TUmarRoof1.uasset" 15
"../../../../../My Project Latihan/UE4/UNIDAAR1/Content/RTS_Tutorial/Assets/Meshes/Buildings/TUmarOrange3_ncl1_1.uasset" 16
"../../../../../My Project Latihan/UE4/UNIDAAR1/Content/RTS_Tutorial/Assets/Meshes/Buildings/TUmarOrange3.uasset" 17
"../../../../../My Project Latihan/UE4/UNIDAAR1/Content/RTS_Tutorial/Assets/Meshes/Buildings/TUmarOrange2_ncl1_1.uasset" 18
"../../../../../My Project Latihan/UE4/UNIDAAR1/Content/RTS_Tutorial/Assets/Meshes/Buildings/TUmarOrange2.uasset" 19
"../../../../../My Project Latihan/UE4/UNIDAAR1/Content/RTS_Tutorial/Assets/Meshes/Buildings/TUmarOrange1_ncl1_1.uasset" 20
"../../../../../My Project Latihan/UE4/UNIDAAR1/Content/RTS_Tutorial/Assets/Meshes/Buildings/TUmarOrange1.uasset" 21
"../../../../../My Project Latihan/UE4/UNIDAAR1/Content/RTS_Tutorial/Assets/Meshes/Buildings/TUmarGreen2_ncl1_1.uasset" 22
"../../../../../My Project Latihan/UE4/UNIDAAR1/Content/RTS_Tutorial/Assets/Meshes/Buildings/TUmarGreen2.uasset" 23
"../../../../../My Project Latihan/UE4/UNIDAAR1/Content/RTS_Tutorial/Assets/Meshes/Buildings/TUmarGreen1_ncl1_1.uasset" 24
"../../../../../My Project Latihan/UE4/UNIDAAR1/Content/RTS_Tutorial/Assets/Meshes/Buildings/TUmarGreen1.uasset" 25
"../../../../../My Project Latihan/UE4/UNIDAAR1/Content/RTS_Tutorial/Assets/Meshes/Buildings/TUmarGold1_ncl1_1.uasset" 26
"../../../../../My Project Latihan/UE4/UNIDAAR1/Content/RTS_Tutorial/Assets/Meshes/Buildings/TUmarGold1.uasset" 27
"../../../../../My Project Latihan/UE4/UNIDAAR1/Content/RTS_Tutorial/Assets/Meshes/Buildings/TUmarBlack1_ncl1_1.uasset" 28
"../../../../../My Project Latihan/UE4/UNIDAAR1/Content/RTS_Tutorial/Assets/Meshes/Buildings/TUmarBlack1.uasset" 29
"../../../../../My Project Latihan/UE4/UNIDAAR1/Content/RTS_Tutorial/Assets/Meshes/Buildings/Unida_Tenggara_All_UmarBinKhattab_Cube_011_L_Asrama_Umar_Bin_Khattab_blend_Dupli_3.uasset" 30
"../../../../../My Project Latihan/UE4/UNIDAAR1/Content/Blueprints/Actor_Building/1AsramaUmar.uasset" 31
"../../../../../My Project Latihan/UE4/UNIDAAR1/Content/Blueprints/Actor_Building/AndyActor_Child1.uasset" 32
"../../../../../My Project Latihan/UE4/UNIDAAR1/Content/Mine/MyAssets/Image/Image_Bg__10_.uasset" 33
"../../../../../My Project Latihan/UE4/UNIDAAR1/Content/Mine/MyBlueprints/BPI_WidgetInterface.uasset" 34
"../../../Engine/Content/EditorBlueprintResources/StandardMacros.uasset" 35
"../../../../../My Project Latihan/UE4/UNIDAAR1/Content/Mine/MyAssets/Fonts/SulphurPoint-Bold.uasset" 36
"../../../../../My Project Latihan/UE4/UNIDAAR1/Content/Mine/MyAssets/Fonts/SulphurPoint-Bold_Font.uasset" 37
"../../../../../My Project Latihan/UE4/UNIDAAR1/Content/Mine/MyAssets/Image/Image_Bg__12_.uasset" 38
"../../../../../My Project Latihan/UE4/UNIDAAR1/Content/Mine/MyAssets/Fonts/Imprima-Regular.uasset" 39
"../../../../../My Project Latihan/UE4/UNIDAAR1/Content/Mine/MyAssets/Fonts/Imprima-Regular_Font.uasset" 40
"../../../../../My Project Latihan/UE4/UNIDAAR1/Content/Mine/WidgetAR/wgArtBoard11.uasset" 41
"../../../../../My Project Latihan/UE4/UNIDAAR1/Content/Mine/MyAssets/Fonts/SpaceGrotesk-Bold.uasset" 42
"../../../../../My Project Latihan/UE4/UNIDAAR1/Content/Mine/MyAssets/Fonts/SpaceGrotesk-Bold_Font.uasset" 43
"../../../../../My Project Latihan/UE4/UNIDAAR1/Content/Mine/MyAssets/Image/Image_BtnAR3Dots.uasset" 44
"../../../../../My Project Latihan/UE4/UNIDAAR1/Content/Mine/MyAssets/Image/Image_BtnARInteractive.uasset" 45
"../../../../../My Project Latihan/UE4/UNIDAAR1/Content/Mine/MyAssets/Image/Image_BtnResetAR.uasset" 46
"../../../../../My Project Latihan/UE4/UNIDAAR1/Content/Mine/WidgetAR/wgArtBoard8.uasset" 47
"../../../../../My Project Latihan/UE4/UNIDAAR1/Content/Mine/MyAssets/Image/Icon__4_.uasset" 48
"../../../../../My Project Latihan/UE4/UNIDAAR1/Content/Mine/MyAssets/Image/Image_Bg__9_.uasset" 49
"../../../../../My Project Latihan/UE4/UNIDAAR1/Content/Mine/MyAssets/Image/Image_BtnARPin.uasset" 50
"../../../../../My Project Latihan/UE4/UNIDAAR1/Content/Mine/MyAssets/Image/Image_Bg__11_.uasset" 51
"../../../../../My Project Latihan/UE4/UNIDAAR1/Content/Mine/MyAssets/Image/Image_GazeDot.uasset" 52
"../../../../../My Project Latihan/UE4/UNIDAAR1/Content/Mine/WidgetAR/wgArtBoard7.uasset" 53
"../../../../../My Project Latihan/UE4/UNIDAAR1/Content/Mine/WidgetAR/wgPopUpText.uasset" 54
"../../../../../My Project Latihan/UE4/UNIDAAR1/Content/Mine/MyBlueprints/BP_PopUpText.uasset" 55
"../../../Engine/Content/EngineMaterials/T_Default_Material_Grid_N.uasset" 56
"../../../Engine/Content/EngineMaterials/T_Default_Material_Grid_M.uasset" 57
"../../../Engine/Content/Functions/Engine_MaterialFunctions01/Opacity/CameraDepthFade.uasset" 58
"../../../Engine/Content/EngineMaterials/WorldGridMaterial.uasset" 59
"../../../../../My Project Latihan/UE4/UNIDAAR1/Content/Mine/MyAssets/Meshes/Plane.uasset" 60
"../../../../../My Project Latihan/UE4/UNIDAAR1/Content/Mine/MyMaterials/MF_Decals.uasset" 61
"../../../../../My Project Latihan/UE4/UNIDAAR1/Content/Mine/MyMaterials/M_Decals.uasset" 62
"../../../../../My Project Latihan/UE4/UNIDAAR1/Content/Mine/MyBlueprints/BP_Decals.uasset" 63
"../../../../../My Project Latihan/UE4/UNIDAAR1/Content/RTS_Tutorial/Assets/Meshes/Buildings/TParkiranDosenRoof2_ncl1_1.uasset" 64
"../../../../../My Project Latihan/UE4/UNIDAAR1/Content/RTS_Tutorial/Assets/Meshes/Buildings/TParkiranDosenRoof2.uasset" 65
"../../../../../My Project Latihan/UE4/UNIDAAR1/Content/RTS_Tutorial/Assets/Meshes/Buildings/TParkiranDosenRoof1_ncl1_1.uasset" 66
"../../../../../My Project Latihan/UE4/UNIDAAR1/Content/RTS_Tutorial/Assets/Meshes/Buildings/TParkiranDosenRoof1.uasset" 67
"../../../../../My Project Latihan/UE4/UNIDAAR1/Content/RTS_Tutorial/Assets/Meshes/Buildings/TParkiranDosenGrey1_ncl1_1.uasset" 68
"../../../../../My Project Latihan/UE4/UNIDAAR1/Content/RTS_Tutorial/Assets/Meshes/Buildings/TParkiranDosenGrey1.uasset" 69
"../../../../../My Project Latihan/UE4/UNIDAAR1/Content/RTS_Tutorial/Assets/Meshes/Buildings/TParkiranDosenBrown1_ncl1_1.uasset" 70
"../../../../../My Project Latihan/UE4/UNIDAAR1/Content/RTS_Tutorial/Assets/Meshes/Buildings/TParkiranDosenBrown1.uasset" 71
"../../../../../My Project Latihan/UE4/UNIDAAR1/Content/RTS_Tutorial/Assets/Meshes/Buildings/Unida_Tenggara_All_Parkiran_Dosen_Plane_021_L_Parkiran_Dosen_blend_Dupli_2.uasset" 72
"../../../../../My Project Latihan/UE4/UNIDAAR1/Content/Blueprints/Actor_Building/8ParkiranDosen.uasset" 73
"../../../../../My Project Latihan/UE4/UNIDAAR1/Content/RTS_Tutorial/Assets/Meshes/Buildings/TMenaraAirWhite1_ncl1_1.uasset" 74
"../../../../../My Project Latihan/UE4/UNIDAAR1/Content/RTS_Tutorial/Assets/Meshes/Buildings/TMenaraAirWhite1.uasset" 75
"../../../../../My Project Latihan/UE4/UNIDAAR1/Content/RTS_Tutorial/Assets/Meshes/Buildings/TMenaraAirGrey2_ncl1_1.uasset" 76
"../../../../../My Project Latihan/UE4/UNIDAAR1/Content/RTS_Tutorial/Assets/Meshes/Buildings/TMenaraAirGrey2.uasset" 77
"../../../../../My Project Latihan/UE4/UNIDAAR1/Content/RTS_Tutorial/Assets/Meshes/Buildings/TMenaraAirGrey1_ncl1_1.uasset" 78
"../../../../../My Project Latihan/UE4/UNIDAAR1/Content/RTS_Tutorial/Assets/Meshes/Buildings/TMenaraAirGrey1.uasset" 79
"../../../../../My Project Latihan/UE4/UNIDAAR1/Content/RTS_Tutorial/Assets/Meshes/Buildings/TMenaraAirGreen1_ncl1_1.uasset" 80
"../../../../../My Project Latihan/UE4/UNIDAAR1/Content/RTS_Tutorial/Assets/Meshes/Buildings/TMenaraAirGreen1.uasset" 81
"../../../../../My Project Latihan/UE4/UNIDAAR1/Content/RTS_Tutorial/Assets/Meshes/Buildings/TMenaraAirBlack1_ncl1_1.uasset" 82
"../../../../../My Project Latihan/UE4/UNIDAAR1/Content/RTS_Tutorial/Assets/Meshes/Buildings/TMenaraAirBlack1.uasset" 83
"../../../../../My Project Latihan/UE4/UNIDAAR1/Content/RTS_Tutorial/Assets/Meshes/Buildings/Unida_Tenggara_All_Tower_Air_Cylinder_012_L_Menara_Air_blend_Dupli_.uasset" 84
"../../../../../My Project Latihan/UE4/UNIDAAR1/Content/Blueprints/Actor_Building/7MenaraAir.uasset" 85
"../../../../../My Project Latihan/UE4/UNIDAAR1/Content/RTS_Tutorial/Assets/Meshes/Buildings/TGedungBentengWhite1_ncl1_1.uasset" 86
"../../../../../My Project Latihan/UE4/UNIDAAR1/Content/RTS_Tutorial/Assets/Meshes/Buildings/TGedungBentengWhite1.uasset" 87
"../../../../../My Project Latihan/UE4/UNIDAAR1/Content/RTS_Tutorial/Assets/Meshes/Buildings/TGedungBentengRoof2_ncl1_1.uasset" 88
"../../../../../My Project Latihan/UE4/UNIDAAR1/Content/RTS_Tutorial/Assets/Meshes/Buildings/TGedungBentengRoof2.uasset" 89
"../../../../../My Project Latihan/UE4/UNIDAAR1/Content/RTS_Tutorial/Assets/Meshes/Buildings/TGedungBentengRoof1_ncl1_1.uasset" 90
"../../../../../My Project Latihan/UE4/UNIDAAR1/Content/RTS_Tutorial/Assets/Meshes/Buildings/TGedungBentengRoof1.uasset" 91
"../../../../../My Project Latihan/UE4/UNIDAAR1/Content/RTS_Tutorial/Assets/Meshes/Buildings/TGedungBentengGreen1_ncl1_1.uasset" 92
"../../../../../My Project Latihan/UE4/UNIDAAR1/Content/RTS_Tutorial/Assets/Meshes/Buildings/TGedungBentengGreen1.uasset" 93
"../../../../../My Project Latihan/UE4/UNIDAAR1/Content/RTS_Tutorial/Assets/Meshes/Buildings/Unida_Tenggara_All_Gedung_Benteng__Pembangunan__Roof_L_Gedung_Benteng_blend_Dupli_.uasset" 94
"../../../../../My Project Latihan/UE4/UNIDAAR1/Content/Blueprints/Actor_Building/6GedungBenteng.uasset" 95
"../../../../../My Project Latihan/UE4/UNIDAAR1/Content/RTS_Tutorial/Assets/Meshes/Buildings/TShirahBlack1_ncl1_1.uasset" 96
"../../../../../My Project Latihan/UE4/UNIDAAR1/Content/RTS_Tutorial/Assets/Meshes/Buildings/TShirahBlack1.uasset" 97
"../../../../../My Project Latihan/UE4/UNIDAAR1/Content/RTS_Tutorial/Assets/Meshes/Buildings/TShirahGold1_ncl1_1.uasset" 98
"../../../../../My Project Latihan/UE4/UNIDAAR1/Content/RTS_Tutorial/Assets/Meshes/Buildings/TShirahGold1.uasset" 99
"../../../../../My Project Latihan/UE4/UNIDAAR1/Content/RTS_Tutorial/Assets/Meshes/Buildings/TUtsmanOrange1_ncl1_1.uasset" 100
"../../../../../My Project Latihan/UE4/UNIDAAR1/Content/RTS_Tutorial/Assets/Meshes/Buildings/TUtsmanOrange1.uasset" 101
"../../../../../My Project Latihan/UE4/UNIDAAR1/Content/RTS_Tutorial/Assets/Meshes/Buildings/TUtsmanOrange4_ncl1_1.uasset" 102
"../../../../../My Project Latihan/UE4/UNIDAAR1/Content/RTS_Tutorial/Assets/Meshes/Buildings/TUtsmanOrange4.uasset" 103
"../../../../../My Project Latihan/UE4/UNIDAAR1/Content/RTS_Tutorial/Assets/Meshes/Buildings/TUtsmanWhite1_ncl1_1.uasset" 104
"../../../../../My Project Latihan/UE4/UNIDAAR1/Content/RTS_Tutorial/Assets/Meshes/Buildings/TUtsmanWhite1.uasset" 105
"../../../../../My Project Latihan/UE4/UNIDAAR1/Content/RTS_Tutorial/Assets/Meshes/Buildings/warna_tiang.uasset" 106
"../../../../../My Project Latihan/UE4/UNIDAAR1/Content/RTS_Tutorial/Assets/Meshes/Buildings/Tembok_Ornament.uasset" 107
"../../../../../My Project Latihan/UE4/UNIDAAR1/Content/RTS_Tutorial/Assets/Meshes/Buildings/Tembok.uasset" 108
"../../../../../My Project Latihan/UE4/UNIDAAR1/Content/RTS_Tutorial/Assets/Meshes/Buildings/kubah.uasset" 109
"../../../../../My Project Latihan/UE4/UNIDAAR1/Content/RTS_Tutorial/Assets/Meshes/Buildings/KACA_HITAM.uasset" 110
"../../../../../My Project Latihan/UE4/UNIDAAR1/Content/RTS_Tutorial/Assets/Meshes/Buildings/catputih.uasset" 111
"../../../../../My Project Latihan/UE4/UNIDAAR1/Content/RTS_Tutorial/Assets/Meshes/Buildings/Unida_Tenggara_All_Gedung_Terpadu_Cube_7937_L_gedung_terpadu_blend_001_Dupli_.uasset" 112
"../../../../../My Project Latihan/UE4/UNIDAAR1/Content/Blueprints/Actor_Building/5GedungTerpadu.uasset" 113
"../../../../../My Project Latihan/UE4/UNIDAAR1/Content/RTS_Tutorial/Assets/Meshes/Buildings/TShirahWhite1_ncl1_1.uasset" 114
"../../../../../My Project Latihan/UE4/UNIDAAR1/Content/RTS_Tutorial/Assets/Meshes/Buildings/TShirahWhite1.uasset" 115
"../../../../../My Project Latihan/UE4/UNIDAAR1/Content/RTS_Tutorial/Assets/Meshes/Buildings/TShirahRoof1_ncl1_1.uasset" 116
"../../../../../My Project Latihan/UE4/UNIDAAR1/Content/RTS_Tutorial/Assets/Meshes/Buildings/TShirahRoof1.uasset" 117
"../../../../../My Project Latihan/UE4/UNIDAAR1/Content/RTS_Tutorial/Assets/Meshes/Buildings/TShirahOrange2_ncl1_1.uasset" 118
"../../../../../My Project Latihan/UE4/UNIDAAR1/Content/RTS_Tutorial/Assets/Meshes/Buildings/TShirahOrange2.uasset" 119
"../../../../../My Project Latihan/UE4/UNIDAAR1/Content/RTS_Tutorial/Assets/Meshes/Buildings/TShirahOrange1_ncl1_1.uasset" 120
"../../../../../My Project Latihan/UE4/UNIDAAR1/Content/RTS_Tutorial/Assets/Meshes/Buildings/TShirahOrange1.uasset" 121
"../../../../../My Project Latihan/UE4/UNIDAAR1/Content/RTS_Tutorial/Assets/Meshes/Buildings/TShirahGrey1_ncl1_1.uasset" 122
"../../../../../My Project Latihan/UE4/UNIDAAR1/Content/RTS_Tutorial/Assets/Meshes/Buildings/TShirahGrey1.uasset" 123
"../../../../../My Project Latihan/UE4/UNIDAAR1/Content/RTS_Tutorial/Assets/Meshes/Buildings/Unida_Tenggara_All_Gedung_Shirah_Cube_074_L_Gedung_Shirah_blend_Dupli_4.uasset" 124
"../../../../../My Project Latihan/UE4/UNIDAAR1/Content/Blueprints/Actor_Building/4GedungShirah.uasset" 125
"../../../../../My Project Latihan/UE4/UNIDAAR1/Content/Mine/MyBlueprints/EARSessionRunning.uasset" 126
"../../../../../My Project Latihan/UE4/UNIDAAR1/Content/RTS_Tutorial/Assets/Meshes/Buildings/TRuangGWTWhite1_ncl1_1.uasset" 127
"../../../../../My Project Latihan/UE4/UNIDAAR1/Content/RTS_Tutorial/Assets/Meshes/Buildings/TRuangGWTWhite1.uasset" 128
"../../../../../My Project Latihan/UE4/UNIDAAR1/Content/RTS_Tutorial/Assets/Meshes/Buildings/TRuangGWTRed1_ncl1_1.uasset" 129
"../../../../../My Project Latihan/UE4/UNIDAAR1/Content/RTS_Tutorial/Assets/Meshes/Buildings/TRuangGWTRed1.uasset" 130
"../../../../../My Project Latihan/UE4/UNIDAAR1/Content/RTS_Tutorial/Assets/Meshes/Buildings/TRuangGWTGrey2_ncl1_1.uasset" 131
"../../../../../My Project Latihan/UE4/UNIDAAR1/Content/RTS_Tutorial/Assets/Meshes/Buildings/TRuangGWTGrey2.uasset" 132
"../../../../../My Project Latihan/UE4/UNIDAAR1/Content/RTS_Tutorial/Assets/Meshes/Buildings/TRuangGWTGrey1_ncl1_1.uasset" 133
"../../../../../My Project Latihan/UE4/UNIDAAR1/Content/RTS_Tutorial/Assets/Meshes/Buildings/TRuangGWTGrey1.uasset" 134
"../../../../../My Project Latihan/UE4/UNIDAAR1/Content/RTS_Tutorial/Assets/Meshes/Buildings/TRuangGWTGreen2_ncl1_1.uasset" 135
"../../../../../My Project Latihan/UE4/UNIDAAR1/Content/RTS_Tutorial/Assets/Meshes/Buildings/TRuangGWTGreen2.uasset" 136
"../../../../../My Project Latihan/UE4/UNIDAAR1/Content/RTS_Tutorial/Assets/Meshes/Buildings/TRuangGWTGreen1_ncl1_1.uasset" 137
"../../../../../My Project Latihan/UE4/UNIDAAR1/Content/RTS_Tutorial/Assets/Meshes/Buildings/TRuangGWTGreen1.uasset" 138
"../../../../../My Project Latihan/UE4/UNIDAAR1/Content/RTS_Tutorial/Assets/Meshes/Buildings/TRuangGWTField1_ncl1_1.uasset" 139
"../../../../../My Project Latihan/UE4/UNIDAAR1/Content/RTS_Tutorial/Assets/Meshes/Buildings/TRuangGWTField1.uasset" 140
"../../../../../My Project Latihan/UE4/UNIDAAR1/Content/RTS_Tutorial/Assets/Meshes/Buildings/TRuangGWTBricks2_ncl1_1.uasset" 141
"../../../../../My Project Latihan/UE4/UNIDAAR1/Content/RTS_Tutorial/Assets/Meshes/Buildings/TRuangGWTBricks2.uasset" 142
"../../../../../My Project Latihan/UE4/UNIDAAR1/Content/RTS_Tutorial/Assets/Meshes/Buildings/TRuangGWTBricks1_ncl1_1.uasset" 143
"../../../../../My Project Latihan/UE4/UNIDAAR1/Content/RTS_Tutorial/Assets/Meshes/Buildings/TRuangGWTBricks1.uasset" 144
"../../../../../My Project Latihan/UE4/UNIDAAR1/Content/RTS_Tutorial/Assets/Meshes/Buildings/Unida_Tenggara_All_Ruang_GWT___Lapangan_Cube_020_L_Ruang_GWT___Lapangan_blend_Dupli_2.uasset" 145
"../../../../../My Project Latihan/UE4/UNIDAAR1/Content/Blueprints/Actor_Building/3LapanganFutsal.uasset" 146
"../../../../../My Project Latihan/UE4/UNIDAAR1/Content/RTS_Tutorial/Assets/Meshes/Buildings/TUtsmanRoof1_ncl1_1.uasset" 147
"../../../../../My Project Latihan/UE4/UNIDAAR1/Content/RTS_Tutorial/Assets/Meshes/Buildings/TUtsmanRoof1.uasset" 148
"../../../../../My Project Latihan/UE4/UNIDAAR1/Content/RTS_Tutorial/Assets/Meshes/Buildings/TUtsmanOrange3_ncl1_1.uasset" 149
"../../../../../My Project Latihan/UE4/UNIDAAR1/Content/RTS_Tutorial/Assets/Meshes/Buildings/TUtsmanOrange3.uasset" 150
"../../../../../My Project Latihan/UE4/UNIDAAR1/Content/RTS_Tutorial/Assets/Meshes/Buildings/TUtsmanOrange2_ncl1_1.uasset" 151
"../../../../../My Project Latihan/UE4/UNIDAAR1/Content/RTS_Tutorial/Assets/Meshes/Buildings/TUtsmanOrange2.uasset" 152
"../../../../../My Project Latihan/UE4/UNIDAAR1/Content/RTS_Tutorial/Assets/Meshes/Buildings/TUtsmanGreen1_ncl1_1.uasset" 153
"../../../../../My Project Latihan/UE4/UNIDAAR1/Content/RTS_Tutorial/Assets/Meshes/Buildings/TUtsmanGreen1.uasset" 154
"../../../../../My Project Latihan/UE4/UNIDAAR1/Content/RTS_Tutorial/Assets/Meshes/Buildings/TUtsmanGold1_ncl1_1.uasset" 155
"../../../../../My Project Latihan/UE4/UNIDAAR1/Content/RTS_Tutorial/Assets/Meshes/Buildings/TUtsmanGold1.uasset" 156
"../../../../../My Project Latihan/UE4/UNIDAAR1/Content/RTS_Tutorial/Assets/Meshes/Buildings/TUtsmanBlue1_ncl1_1.uasset" 157
"../../../../../My Project Latihan/UE4/UNIDAAR1/Content/RTS_Tutorial/Assets/Meshes/Buildings/TUtsmanBlue1.uasset" 158
"../../../../../My Project Latihan/UE4/UNIDAAR1/Content/RTS_Tutorial/Assets/Meshes/Buildings/TUtsmanBlack1_ncl1_1.uasset" 159
"../../../../../My Project Latihan/UE4/UNIDAAR1/Content/RTS_Tutorial/Assets/Meshes/Buildings/TUtsmanBlack1.uasset" 160
"../../../../../My Project Latihan/UE4/UNIDAAR1/Content/RTS_Tutorial/Assets/Meshes/Buildings/Unida_Tenggara_All_Asrama_Utsman_Bin_Affwan_UtsmanBinAffan_L_Asrama_Utsman_Bin_Affwan_blend_Dupli_3.uasset" 161
"../../../../../My Project Latihan/UE4/UNIDAAR1/Content/Blueprints/Actor_Building/2AsramaUtsman.uasset" 162
"../../../../../My Project Latihan/UE4/UNIDAAR1/Content/Blueprints/ARSessionConfig.uasset" 163
"../../../Engine/Content/Functions/Engine_MaterialFunctions02/Texturing/CustomRotator.uasset" 164
"../../../Engine/Content/Functions/Engine_MaterialFunctions02/Utility/MakeFloat2.uasset" 165
"../../../Engine/Content/Functions/Engine_MaterialFunctions02/Utility/MakeFloat3.uasset" 166
"../../../../../My Project Latihan/UE4/UNIDAAR1/Content/Assets/Textures/TriGrid_Alpha.uasset" 167
"../../../../../My Project Latihan/UE4/UNIDAAR1/Content/Assets/Materials/ARPlane_Mat.uasset" 168
"../../../../../My Project Latihan/UE4/UNIDAAR1/Content/Blueprints/ARCorePlaneActor.uasset" 169
"../../../../../My Project Latihan/UE4/UNIDAAR1/Content/Assets/Textures/Andy_DiffuseBlue.uasset" 170
"../../../../../My Project Latihan/UE4/UNIDAAR1/Content/Assets/Materials/Andy_Mat_Blue.uasset" 171
"../../../../../My Project Latihan/UE4/UNIDAAR1/Content/Blueprints/HelloARHudWidget.uasset" 172
"../../../../../My Project Latihan/UE4/UNIDAAR1/Content/Blueprints/HelloARManager.uasset" 173
"../../../../../My Project Latihan/UE4/UNIDAAR1/Content/Mine/WidgetAR/wgArtBoard9.uasset" 174
"../../../../../My Project Latihan/UE4/UNIDAAR1/Content/Mine/WidgetAR/wgArtBoard10.uasset" 175
"../../../../../My Project Latihan/UE4/UNIDAAR1/Content/Mine/WidgetAR/wgArtBoard12.uasset" 176
"../../../../../My Project Latihan/UE4/UNIDAAR1/Content/RTS_Tutorial/Assets/Meshes/Buildings/Barracks.uasset" 177
"../../../../../My Project Latihan/UE4/UNIDAAR1/Content/RTS_Tutorial/Assets/Meshes/Buildings/Factory.uasset" 178
"../../../../../My Project Latihan/UE4/UNIDAAR1/Content/RTS_Tutorial/Assets/Meshes/Buildings/Silo.uasset" 179
"../../../../../My Project Latihan/UE4/UNIDAAR1/Content/RTS_Tutorial/Assets/Meshes/Buildings/TrainingPost.uasset" 180
"../../../Engine/Content/ArtTools/RenderToTexture/Meshes/S_1_Unit_Plane.uasset" 181
"../../../Engine/Content/EngineMaterials/DefaultMaterial.uasset" 182
"../../../Engine/Content/BasicShapes/Cone.uasset" 183
"../../../Engine/Content/BasicShapes/Cube.uasset" 184
"../../../Engine/Content/BasicShapes/Plane.uasset" 185
"../../../Engine/Content/BasicShapes/Sphere.uasset" 186
"../../../Engine/Content/EditorLandscapeResources/DataLayer.uasset" 187
"../../../Engine/Content/EditorLandscapeResources/DefaultAlphaTexture.uasset" 188
"../../../Engine/Content/EditorMaterials/MAT_Groups_Toggle.uasset" 189
"../../../Engine/Content/EditorMaterials/MAT_Groups_Visibility.uasset" 190
"../../../Engine/Content/EditorMaterials/PreviewShadowIndicator.uasset" 191
"../../../Engine/Content/EditorMaterials/PreviewShadowIndicatorMaterial.uasset" 192
"../../../Engine/Content/EditorMaterials/MatineeGroups/MAT_ColorTrack.uasset" 193
"../../../Engine/Content/EditorMaterials/MatineeGroups/MAT_Groups_Anim.uasset" 194
"../../../Engine/Content/EditorMaterials/MatineeGroups/MAT_Groups_AudioMaster.uasset" 195
"../../../Engine/Content/EditorMaterials/MatineeGroups/MAT_Groups_Director.uasset" 196
"../../../Engine/Content/EditorMaterials/MatineeGroups/MAT_Groups_Event.uasset" 197
"../../../Engine/Content/EditorMaterials/MatineeGroups/MAT_Groups_Fade.uasset" 198
"../../../Engine/Content/EditorMaterials/MatineeGroups/MAT_Groups_Float.uasset" 199
"../../../Engine/Content/EditorMaterials/MatineeGroups/MAT_Groups_Move.uasset" 200
"../../../Engine/Content/EditorMaterials/MatineeGroups/MAT_Groups_Slomo.uasset" 201
"../../../Engine/Content/EditorMaterials/MatineeGroups/MAT_Groups_Sound.uasset" 202
"../../../Engine/Content/EditorMaterials/MatineeGroups/MAT_Groups_Vector.uasset" 203
"../../../Engine/Content/EditorMaterials/ParticleSystems/PSysThumbnail_NoImage.uasset" 204
"../../../Engine/Content/EditorMaterials/ParticleSystems/PSysThumbnail_OOD.uasset" 205
"../../../Engine/Content/EditorMaterials/Camera/CineMat.uasset" 206
"../../../Engine/Content/EditorMaterials/Camera/MI_CineMat_Rig.uasset" 207
"../../../Engine/Content/EditorMeshes/Camera/SM_CraneRig_Arm.uasset" 208
"../../../Engine/Content/EditorMeshes/Camera/SM_CraneRig_Base.uasset" 209
"../../../Engine/Content/EditorMeshes/Camera/SM_CraneRig_Body.uasset" 210
"../../../Engine/Content/EditorMeshes/Camera/SM_CraneRig_Mount.uasset" 211
"../../../Engine/Content/EditorMeshes/Camera/SM_RailRig_Mount.uasset" 212
"../../../Engine/Content/EditorMeshes/Camera/SM_RailRig_Track.uasset" 213
"../../../Engine/Content/EditorResources/BSPVertex.uasset" 214
"../../../Engine/Content/EditorResources/EmptyActor.uasset" 215
"../../../Engine/Content/EditorResources/S_Actor.uasset" 216
"../../../Engine/Content/EditorResources/S_Note.uasset" 217
"../../../Engine/Content/EditorResources/S_Solver.uasset" 218
"../../../Engine/Content/EditorResources/S_Terrain.uasset" 219
"../../../Engine/Content/EditorResources/S_Trigger.uasset" 220
"../../../Engine/Content/EditorResources/SequenceRecorder/Countdown.uasset" 221
"../../../Engine/Content/EditorResources/SequenceRecorder/RecordingIndicator.uasset" 222
"../../../Engine/Content/EngineDamageTypes/DmgTypeBP_Environmental.uasset" 223
"../../../Engine/Content/EngineDebugMaterials/DebugEditorMaterial.uasset" 224
"../../../Engine/Content/EngineDebugMaterials/DebugMeshMaterial.uasset" 225
"../../../Engine/Content/EngineDebugMaterials/M_SimpleUnlitTranslucent.uasset" 226
"../../../Engine/Content/EngineDebugMaterials/VolumeToRender.uasset" 227
"../../../Engine/Content/Functions/Engine_MaterialFunctions02/Utility/CameraDirectionVector.uasset" 228
"../../../Engine/Content/EngineDebugMaterials/M_VolumeRenderSphereTracePP.uasset" 229
"../../../Engine/Content/Functions/Engine_MaterialFunctions01/Shading/ConvertFromDiffSpec.uasset" 230
"../../../Engine/Content/EngineDebugMaterials/VertexColorMaterial.uasset" 231
"../../../Engine/Content/EngineDebugMaterials/WireframeMaterial.uasset" 232
"../../../Engine/Content/EngineFonts/Faces/RobotoRegular.uasset" 233
"../../../Engine/Content/EngineFonts/Faces/RobotoLight.uasset" 234
"../../../Engine/Content/EngineFonts/Faces/RobotoItalic.uasset" 235
"../../../Engine/Content/EngineFonts/Faces/RobotoBoldItalic.uasset" 236
"../../../Engine/Content/EngineFonts/Faces/RobotoBold.uasset" 237
"../../../Engine/Content/EngineFonts/Faces/DroidSansFallback.uasset" 238
"../../../Engine/Content/EngineFonts/Roboto.uasset" 239
"../../../Engine/Content/EngineMaterials/BaseFlattenNormalMap.uasset" 240
"../../../Engine/Content/EngineMaterials/BaseFlattenGrayscaleMap.uasset" 241
"../../../Engine/Content/EngineMaterials/BaseFlattenEmissiveMap.uasset" 242
"../../../Engine/Content/EngineMaterials/BaseFlattenDiffuseMap.uasset" 243
"../../../Engine/Content/EngineMaterials/BaseFlattenMaterial.uasset" 244
"../../../Engine/Content/EngineMaterials/BlueNoise.uasset" 245
"../../../Engine/Content/EngineMaterials/DefaultBloomKernel.uasset" 246
"../../../Engine/Content/EngineMaterials/DefaultBokeh.uasset" 247
"../../../Engine/Content/EngineMaterials/DefaultDiffuse.uasset" 248
"../../../Engine/Content/EngineMaterials/DefaultDeferredDecalMaterial.uasset" 249
"../../../Engine/Content/EngineMaterials/DefaultLightFunctionMaterial.uasset" 250
"../../../Engine/Content/EngineMaterials/DefaultPhysicalMaterial.uasset" 251
"../../../Engine/Content/Functions/Engine_MaterialFunctions02/Utility/BreakOutFloat2Components.uasset" 252
"../../../Engine/Content/EngineMaterials/DefaultPostProcessMaterial.uasset" 253
"../../../Engine/Content/EngineFonts/RobotoDistanceField.uasset" 254
"../../../Engine/Content/EngineMaterials/DefaultTextMaterialOpaque.uasset" 255
"../../../Engine/Content/EngineMaterials/DefaultWhiteGrid.uasset" 256
"../../../Engine/Content/EngineMaterials/DefaultWhiteGrid_Low.uasset" 257
"../../../Engine/Content/EngineMaterials/EmissiveMeshMaterial.uasset" 258
"../../../Engine/Content/EngineMaterials/GizmoMaterial.uasset" 259
"../../../Engine/Content/EngineMaterials/Good64x64TilingNoiseHighFreq.uasset" 260
"../../../Engine/Content/EngineMaterials/MiniFont.uasset" 261
"../../../Engine/Content/EngineMaterials/InvalidLightmapSettings.uasset" 262
"../../../Engine/Content/EngineMaterials/M_InvalidLightmapSettings.uasset" 263
"../../../Engine/Content/Functions/Engine_MaterialFunctions02/WorldPositionOffset/CameraOffset.uasset" 264
"../../../Engine/Content/EngineMaterials/PhAT_JointLimitMaterial.uasset" 265
"../../../Engine/Content/EngineMaterials/PreintegratedSkinBRDF.uasset" 266
"../../../Engine/Content/EngineMaterials/RemoveSurfaceMaterial.uasset" 267
"../../../Engine/Content/EngineMaterials/WeightMapPlaceholderTexture.uasset" 268
"../../../Engine/Content/EngineResources/WhiteSquareTexture.uasset" 269
"../../../Engine/Content/EngineMaterials/Widget3DPassThrough.uasset" 270
"../../../Engine/Content/EngineMaterials/Widget3DPassThrough_Masked.uasset" 271
"../../../Engine/Content/EngineMaterials/Widget3DPassThrough_Opaque.uasset" 272
"../../../Engine/Content/EngineMaterials/Widget3DPassThrough_Masked_OneSided.uasset" 273
"../../../Engine/Content/EngineMaterials/Widget3DPassThrough_Opaque_OneSided.uasset" 274
"../../../Engine/Content/EngineMaterials/Widget3DPassThrough_Translucent.uasset" 275
"../../../Engine/Content/EngineMaterials/Widget3DPassThrough_Translucent_OneSided.uasset" 276
"../../../Engine/Content/EngineMeshes/Cylinder.uasset" 277
"../../../Engine/Content/EngineMeshes/Sphere.uasset" 278
"../../../Engine/Content/EngineResources/Black.uasset" 279
"../../../Engine/Content/EngineResources/DefaultTextureCube.uasset" 280
"../../../Engine/Content/EngineResources/DefaultVolumeTexture2D.uasset" 281
"../../../Engine/Content/EngineResources/DefaultVolumeTexture.uasset" 282
"../../../Engine/Content/EngineResources/GradientTexture0.uasset" 283
"../../../Engine/Content/EngineSky/VolumetricClouds/T_NoiseShape64.uasset" 284
"../../../Engine/Content/EngineSky/VolumetricClouds/T_VolumeNoiseShape64.uasset" 285
"../../../Engine/Content/EngineSky/VolumetricClouds/T_NoiseErosion.uasset" 286
"../../../Engine/Content/EngineSky/VolumetricClouds/T_VolumeNoiseErosion32.uasset" 287
"../../../Engine/Content/EngineSky/VolumetricClouds/CloudWeatherTexture.uasset" 288
"../../../Engine/Content/EngineSky/VolumetricClouds/CloudGradientTexture.uasset" 289
"../../../Engine/Content/EngineSky/VolumetricClouds/m_SimpleVolumetricCloud.uasset" 290
"../../../Engine/Content/EngineSky/VolumetricClouds/m_SimpleVolumetricCloud_Inst.uasset" 291
"../../../Engine/Content/EngineSounds/Master.uasset" 292
"../../../Engine/Content/Functions/Engine_MaterialFunctions01/Shading/PowerToRoughness.uasset" 293
"../../../Engine/Content/Maps/Templates/Thumbnails/Default.uasset" 294
"../../../Engine/Content/Maps/Templates/Thumbnails/TimeOfDay.uasset" 295
"../../../Engine/Content/Maps/Templates/Thumbnails/VR-Basic.uasset" 296
"../../../Engine/Content/MobileResources/T_MobileControls_texture.uasset" 297
"../../../Engine/Content/MobileResources/T_MobileMenu2.uasset" 298
"../../../Engine/Content/MobileResources/HUD/AnalogHat.uasset" 299
"../../../Engine/Content/MobileResources/HUD/VirtualJoystick_Thumb.uasset" 300
"../../../Engine/Content/MobileResources/HUD/VirtualJoystick_Background.uasset" 301
"../../../Engine/Content/MobileResources/HUD/DefaultVirtualJoysticks.uasset" 302
"../../../Engine/Content/MobileResources/HUD/LeftVirtualJoystickOnly.uasset" 303
"../../../Engine/Content/MobileResources/HUD/MobileHUDButton1_off.uasset" 304
"../../../Engine/Content/MobileResources/HUD/MobileHUDButton1_on.uasset" 305
"../../../Engine/Content/MobileResources/HUD/MobileHUDButton2_off.uasset" 306
"../../../Engine/Content/MobileResources/HUD/MobileHUDButton2_on.uasset" 307
"../../../Engine/Content/MobileResources/HUD/MobileHUDButton3.uasset" 308
"../../../Engine/Content/MobileResources/HUD/MobileHUDButtonFire.uasset" 309
"../../../Engine/Content/MobileResources/HUD/MobileHUDDirectionPad.uasset" 310
"../../../Engine/Content/MobileResources/HUD/MobileHUDDirectionPad2.uasset" 311
"../../../Engine/Content/MobileResources/HUD/MobileHUDDirectionPad3.uasset" 312
"../../../Engine/Content/MobileResources/HUD/MobileHUDDirectionStick.uasset" 313
"../../../Engine/Content/MobileResources/HUD/T_Castle_ThumbstickInner.uasset" 314
"../../../Engine/Content/MobileResources/HUD/T_Castle_ThumbstickOutter.uasset" 315
"../../../Engine/Content/Tutorial/ContentIntroCurve.uasset" 316
"../../../Engine/Content/Tutorial/Basics/LevelEditorAttract.uasset" 317
"../../../Engine/Content/Tutorial/Basics/TutorialAssets/icon_tab_Levels_40x.uasset" 318
"../../../Engine/Content/Tutorial/Basics/LevelEditorOverview.uasset" 319
"../../../Engine/Content/Tutorial/Installation/InstallingVisualStudioTutorial.uasset" 320
"../../../Engine/Content/VREditor/TransformGizmo/TranslucentTransformGizmoMaterial.uasset" 321
"../../../Engine/Content/VREditor/LaserPointer/VR_LaserPower_01.uasset" 322
"../../../Engine/Content/VREditor/TransformGizmo/TransformGizmoMaterial.uasset" 323
"../../../Engine/Content/VREditor/TransformGizmo/BoundingBoxCorner.uasset" 324
"../../../Engine/Content/VREditor/TransformGizmo/BoundingBoxEdge.uasset" 325
"../../../Engine/Content/VREditor/TransformGizmo/PlaneTranslationHandle.uasset" 326
"../../../Engine/Content/VREditor/TransformGizmo/Xray.uasset" 327
"../../../Engine/Content/VREditor/TransformGizmo/Main.uasset" 328
"../../../Engine/Content/VREditor/TransformGizmo/SM_Sequencer_Key.uasset" 329
"../../../Engine/Content/VREditor/TransformGizmo/SM_Sequencer_Node.uasset" 330
"../../Plugins/2D/Paper2D/Content/PlaceholderTextures/DummySpriteTexture.uasset" 331
"../../Plugins/2D/Paper2D/Content/DummySprite.uasset" 332
"../../Plugins/2D/Paper2D/Content/DefaultPaperTerrainMaterial.uasset" 333
"../../Plugins/2D/Paper2D/Content/DefaultSpriteMaterial.uasset" 334
"../../Plugins/2D/Paper2D/Content/MaskedUnlitSpriteMaterial.uasset" 335
"../../Plugins/2D/Paper2D/Content/OpaqueUnlitSpriteMaterial.uasset" 336
"../../../Engine/Content/ArtTools/RenderToTexture/Materials/Debug/M_Emissive_Color.uasset" 337
"../../../Engine/Content/BasicShapes/Cylinder.uasset" 338
"../../Plugins/Lumin/MagicLeapPassableWorld/Content/MagicLeapARPinInfoActor.uasset" 339
"../../../Engine/Content/Functions/Engine_MaterialFunctions02/ObjectLocalBounds.uasset" 340
"../../../Engine/Content/Functions/Engine_MaterialFunctions02/Utility/BreakOutFloat3Components.uasset" 341
"../../Plugins/Editor/SpeedTreeImporter/Content/SpeedTree9/UnpackInteger3.uasset" 342
"../../Plugins/Editor/SpeedTreeImporter/Content/SpeedTree9/UnpackDirection.uasset" 343
"../../Plugins/Editor/SpeedTreeImporter/Content/SpeedTree9/game_wind_noise.uasset" 344
"../../../Engine/Content/Functions/Engine_MaterialFunctions02/SafeNormalize.uasset" 345
"../../Plugins/Editor/SpeedTreeImporter/Content/SpeedTree9/SpeedTreeWindMotion.uasset" 346
"../../Plugins/Editor/SpeedTreeImporter/Content/SpeedTree9/SpeedTreeBranchMotion.uasset" 347
"../../../Engine/Content/Functions/Engine_MaterialFunctions02/UVs/BoundingBoxBased_0-1_UVW.uasset" 348
"../../Plugins/Editor/SpeedTreeImporter/Content/SpeedTree9/SpeedTreeWind.uasset" 349
"../../Plugins/Editor/SpeedTreeImporter/Content/SpeedTree9/SpeedTreeBillboard.uasset" 350
"../../../Engine/Content/EngineResources/DefaultTexture.uasset" 351
"../../Plugins/Editor/SpeedTreeImporter/Content/SpeedTree9/SpeedTreeBillboardMaster.uasset" 352
"../../Plugins/Editor/SpeedTreeImporter/Content/SpeedTree9/SpeedTreeCameraFacing.uasset" 353
"../../Plugins/Editor/SpeedTreeImporter/Content/SpeedTree9/SpeedTreeMaster.uasset" 354
"../../Plugins/Runtime/AR/ARUtilities/Content/Materials/DummyExternalTexture.uasset" 355
"../../Plugins/Runtime/AR/ARUtilities/Content/Materials/M_PassthroughCamera.uasset" 356
"../../Plugins/Runtime/AR/ARUtilities/Content/Materials/MI_PassthroughCameraExternalTexture.uasset" 357
"../../Plugins/Runtime/AR/ARUtilities/Content/Materials/M_ScreenSpacePassthroughCamera.uasset" 358
"../../Plugins/Runtime/AR/ARUtilities/Content/Materials/MI_ScreenSpacePassthroughCameraExternalTexture.uasset" 359
"../../Plugins/Runtime/AR/ARUtilities/Content/Materials/MF_DistanceColorLerp.uasset" 360
"../../Plugins/Runtime/AR/ARUtilities/Content/Materials/M_DepthColoration.uasset" 361
"../../Plugins/Runtime/AR/Google/GoogleARCore/Content/M_SceneDepthOcclusion.uasset" 362
"../../../../../My Project Latihan/UE4/UNIDAAR1/Content/Assets/Textures/AmbientCubemap.uasset" 363
"../../../Engine/Content/Functions/Engine_MaterialFunctions02/SplitComponents.uasset" 364
"../../../../../My Project Latihan/UE4/UNIDAAR1/Content/Materials/MF_ConvolveTexture.uasset" 365
"../../../../../My Project Latihan/UE4/UNIDAAR1/Content/Materials/MF_ExtractDepth.uasset" 366
"../../../../../My Project Latihan/UE4/UNIDAAR1/Content/Materials/MF_SampleSceneTextureNeighbourUVs.uasset" 367
"../../../Engine/Content/Functions/Engine_MaterialFunctions02/Utility/VectorLength.uasset" 368
"../../../../../My Project Latihan/UE4/UNIDAAR1/Content/Materials/PP_Outliner_M.uasset" 369
"../../../../../My Project Latihan/UE4/UNIDAAR1/Content/Materials/PP_Outliner_Inst.uasset" 370
"../../../../../My Project Latihan/UE4/UNIDAAR1/Content/Maps/HelloAR_BuiltData.uasset" 371
"../../../../../My Project Latihan/UE4/UNIDAAR1/Content/Blueprints/MessageDialog.uasset" 372
"../../../../../My Project Latihan/UE4/UNIDAAR1/Content/Blueprints/ARSessionErrorHandler.uasset" 373
"../../../../../My Project Latihan/UE4/UNIDAAR1/Content/Maps/HelloAR.umap" 374
"../../../../../My Project Latihan/UE4/UNIDAAR1/Content/Blueprints/HelloARPawn.uasset" 375
"../../../../../My Project Latihan/UE4/UNIDAAR1/Content/Blueprints/HelloARGameMode.uasset" 376
"../../../../../My Project Latihan/UE4/UNIDAAR1/Content/Mine/MyAssets/Image/Image_Bg__1_.uasset" 377
"../../../../../My Project Latihan/UE4/UNIDAAR1/Content/Mine/MyAssets/Image/Image_BubbleCircle1.uasset" 378
"../../../../../My Project Latihan/UE4/UNIDAAR1/Content/Mine/MyAssets/Image/Image_Title2.uasset" 379
"../../../../../My Project Latihan/UE4/UNIDAAR1/Content/Mine/MyAssets/Image/Logo__2_.uasset" 380
"../../../../../My Project Latihan/UE4/UNIDAAR1/Content/Mine/MyAssets/Image/Logo__3_.uasset" 381
"../../../../../My Project Latihan/UE4/UNIDAAR1/Content/Mine/MyAssets/Image/Logo__1_.uasset" 382
"../../../../../My Project Latihan/UE4/UNIDAAR1/Content/Mine/WidgetAR/wgArtBoard2.uasset" 383
"../../../../../My Project Latihan/UE4/UNIDAAR1/Content/Mine/MyAssets/Fonts/Inter-SemiBold.uasset" 384
"../../../../../My Project Latihan/UE4/UNIDAAR1/Content/Mine/MyAssets/Fonts/Inter-SemiBold_Font.uasset" 385
"../../../../../My Project Latihan/UE4/UNIDAAR1/Content/Mine/MyAssets/Image/Image_Bg__2_.uasset" 386
"../../../../../My Project Latihan/UE4/UNIDAAR1/Content/Mine/MyAssets/Image/Image_BtnWelcomeScreen.uasset" 387
"../../../../../My Project Latihan/UE4/UNIDAAR1/Content/Mine/MyAssets/Image/Image_BubbleCircle2.uasset" 388
"../../../../../My Project Latihan/UE4/UNIDAAR1/Content/Mine/MyAssets/Image/Image_Geter.uasset" 389
"../../../../../My Project Latihan/UE4/UNIDAAR1/Content/Mine/WidgetAR/wgArtBoard3.uasset" 390
"../../../../../My Project Latihan/UE4/UNIDAAR1/Content/Mine/MyAssets/Fonts/Inter-Regular.uasset" 391
"../../../../../My Project Latihan/UE4/UNIDAAR1/Content/Mine/MyAssets/Fonts/Inter-Regular_Font.uasset" 392
"../../../../../My Project Latihan/UE4/UNIDAAR1/Content/Mine/MyAssets/Image/Image_Bg__16_.uasset" 393
"../../../../../My Project Latihan/UE4/UNIDAAR1/Content/Mine/MyAssets/Image/Image_BtnQuit.uasset" 394
"../../../../../My Project Latihan/UE4/UNIDAAR1/Content/Mine/MyAssets/Image/Image_TitleLogo.uasset" 395
"../../../../../My Project Latihan/UE4/UNIDAAR1/Content/Mine/WidgetAR/wgSplashScreen.uasset" 396
"../../../../../My Project Latihan/UE4/UNIDAAR1/Content/Mine/WidgetAR/wgQuitValidation.uasset" 397
"../../../../../My Project Latihan/UE4/UNIDAAR1/Content/Mine/MyMaps/MapsIntro.umap" 398
"../../../../../My Project Latihan/UE4/UNIDAAR1/Content/Mine/MyAssets/Image/Image_Bg__15_.uasset" 399
"../../../../../My Project Latihan/UE4/UNIDAAR1/Content/Mine/MyAssets/Image/Image_Bg__5_.uasset" 400
"../../../../../My Project Latihan/UE4/UNIDAAR1/Content/Mine/MyAssets/Image/Image_Bg__3_.uasset" 401
"../../../../../My Project Latihan/UE4/UNIDAAR1/Content/Mine/MyAssets/Image/Image_BtnMenuAbout.uasset" 402
"../../../../../My Project Latihan/UE4/UNIDAAR1/Content/Mine/MyAssets/Image/Image_BtnMenuAR.uasset" 403
"../../../../../My Project Latihan/UE4/UNIDAAR1/Content/Mine/MyAssets/Image/Image_BtnMenuQuestion.uasset" 404
"../../../../../My Project Latihan/UE4/UNIDAAR1/Content/Mine/MyAssets/Image/Image_BtnMenuInfo.uasset" 405
"../../../../../My Project Latihan/UE4/UNIDAAR1/Content/Mine/MyAssets/Image/Image_Title3.uasset" 406
"../../../../../My Project Latihan/UE4/UNIDAAR1/Content/Mine/MyAssets/Image/Logo__3_1_.uasset" 407
"../../../../../My Project Latihan/UE4/UNIDAAR1/Content/Mine/WidgetAR/wgArtBoard4.uasset" 408
"../../../../../My Project Latihan/UE4/UNIDAAR1/Content/Mine/MyAssets/Fonts/SulphurPoint-Regular.uasset" 409
"../../../../../My Project Latihan/UE4/UNIDAAR1/Content/Mine/MyAssets/Fonts/SulphurPoint-Regular_Font.uasset" 410
"../../../../../My Project Latihan/UE4/UNIDAAR1/Content/Mine/MyAssets/Image/Icon__12_.uasset" 411
"../../../../../My Project Latihan/UE4/UNIDAAR1/Content/Mine/MyAssets/Image/Icon__2_.uasset" 412
"../../../../../My Project Latihan/UE4/UNIDAAR1/Content/Mine/MyAssets/Image/Icon__3_.uasset" 413
"../../../../../My Project Latihan/UE4/UNIDAAR1/Content/Mine/MyAssets/Image/Icon__5_.uasset" 414
"../../../../../My Project Latihan/UE4/UNIDAAR1/Content/Mine/MyAssets/Image/Image_Bg__6_.uasset" 415
"../../../../../My Project Latihan/UE4/UNIDAAR1/Content/Mine/MyAssets/Image/Image_Bg__7_.uasset" 416
"../../../../../My Project Latihan/UE4/UNIDAAR1/Content/Mine/MyAssets/Image/Image_BubbleCircle3.uasset" 417
"../../../../../My Project Latihan/UE4/UNIDAAR1/Content/Mine/WidgetAR/wgArtBoard5.uasset" 418
"../../../../../My Project Latihan/UE4/UNIDAAR1/Content/Mine/MyAssets/Image/Icon__1_.uasset" 419
"../../../../../My Project Latihan/UE4/UNIDAAR1/Content/Mine/MyAssets/Image/Icon__6_.uasset" 420
"../../../../../My Project Latihan/UE4/UNIDAAR1/Content/Mine/MyAssets/Image/Icon__7_.uasset" 421
"../../../../../My Project Latihan/UE4/UNIDAAR1/Content/Mine/WidgetAR/wgArtBoard6.uasset" 422
"../../../../../My Project Latihan/UE4/UNIDAAR1/Content/Mine/MyMaps/MapsMainMenu.umap" 423
"../../../Engine/Content/Maps/Entry_BuiltData.uasset" 424
"../../../Engine/Content/Maps/Entry.umap" 425
